Determining if the pthread_create exist failed with the following output:
Change Dir: /home/ki-hwan/catkin_ws/src/pose_est/build/CMakeFiles/CMakeTmp

Run Build Command:"/usr/bin/make" "cmTC_2bc5e/fast"
/usr/bin/make -f CMakeFiles/cmTC_2bc5e.dir/build.make CMakeFiles/cmTC_2bc5e.dir/build
make[1]: Entering directory '/home/ki-hwan/catkin_ws/src/pose_est/build/CMakeFiles/CMakeTmp'
Building C object CMakeFiles/cmTC_2bc5e.dir/CheckSymbolExists.c.o
/usr/bin/x86_64-linux-gnu-gcc-5     -o CMakeFiles/cmTC_2bc5e.dir/CheckSymbolExists.c.o   -c /home/ki-hwan/catkin_ws/src/pose_est/build/CMakeFiles/CMakeTmp/CheckSymbolExists.c
Linking C executable cmTC_2bc5e
/usr/bin/cmake -E cmake_link_script CMakeFiles/cmTC_2bc5e.dir/link.txt --verbose=1
/usr/bin/x86_64-linux-gnu-gcc-5       CMakeFiles/cmTC_2bc5e.dir/CheckSymbolExists.c.o  -o cmTC_2bc5e -rdynamic 
CMakeFiles/cmTC_2bc5e.dir/CheckSymbolExists.c.o: In function `main':
CheckSymbolExists.c:(.text+0x16): undefined reference to `pthread_create'
collect2: error: ld returned 1 exit status
CMakeFiles/cmTC_2bc5e.dir/build.make:97: recipe for target 'cmTC_2bc5e' failed
make[1]: *** [cmTC_2bc5e] Error 1
make[1]: Leaving directory '/home/ki-hwan/catkin_ws/src/pose_est/build/CMakeFiles/CMakeTmp'
Makefile:126: recipe for target 'cmTC_2bc5e/fast' failed
make: *** [cmTC_2bc5e/fast] Error 2

File /home/ki-hwan/catkin_ws/src/pose_est/build/CMakeFiles/CMakeTmp/CheckSymbolExists.c:
/* */
#include <pthread.h>

int main(int argc, char** argv)
{
  (void)argv;
#ifndef pthread_create
  return ((int*)(&pthread_create))[argc];
#else
  (void)argc;
  return 0;
#endif
}

Determining if the function pthread_create exists in the pthreads failed with the following output:
Change Dir: /home/ki-hwan/catkin_ws/src/pose_est/build/CMakeFiles/CMakeTmp

Run Build Command:"/usr/bin/make" "cmTC_515c0/fast"
/usr/bin/make -f CMakeFiles/cmTC_515c0.dir/build.make CMakeFiles/cmTC_515c0.dir/build
make[1]: Entering directory '/home/ki-hwan/catkin_ws/src/pose_est/build/CMakeFiles/CMakeTmp'
Building C object CMakeFiles/cmTC_515c0.dir/CheckFunctionExists.c.o
/usr/bin/x86_64-linux-gnu-gcc-5    -DCHECK_FUNCTION_EXISTS=pthread_create   -o CMakeFiles/cmTC_515c0.dir/CheckFunctionExists.c.o   -c /usr/share/cmake-3.5/Modules/CheckFunctionExists.c
Linking C executable cmTC_515c0
/usr/bin/cmake -E cmake_link_script CMakeFiles/cmTC_515c0.dir/link.txt --verbose=1
/usr/bin/x86_64-linux-gnu-gcc-5   -DCHECK_FUNCTION_EXISTS=pthread_create    CMakeFiles/cmTC_515c0.dir/CheckFunctionExists.c.o  -o cmTC_515c0 -rdynamic -lpthreads 
/usr/bin/ld: cannot find -lpthreads
collect2: error: ld returned 1 exit status
CMakeFiles/cmTC_515c0.dir/build.make:97: recipe for target 'cmTC_515c0' failed
make[1]: *** [cmTC_515c0] Error 1
make[1]: Leaving directory '/home/ki-hwan/catkin_ws/src/pose_est/build/CMakeFiles/CMakeTmp'
Makefile:126: recipe for target 'cmTC_515c0/fast' failed
make: *** [cmTC_515c0/fast] Error 2


